Arguments: 
  C:\Program Files\nodejs\node.exe D:\Usuários\006427l3\AppData\Roaming\npm\node_modules\yarn\bin\yarn.js start

PATH: 
  D:\Usuários\006427l3\bin;C:\Program Files\Git\mingw64\bin;C:\Program Files\Git\usr\local\bin;C:\Program Files\Git\usr\bin;C:\Program Files\Git\usr\bin;C:\Program Files\Git\mingw64\bin;C:\Program Files\Git\usr\bin;D:\Usuários\006427l3\bin;C:\Python36\Scripts;C:\Python36;C:\ProgramData\Oracle\Java\javapath;C:\oracle_11g\product\11.2.0\client_1\bin;C:\sybaseIQ\shared\Sybase Central 6.1.0\win64;C:\sybaseIQ\IQ-15_4\Bin64;C:\sybaseIQ\IQ-15_4\Bin32;C:\Program Files (x86)\Intel\iCLS Client;C:\Program Files\Intel\iCLS Client;C:\windows\system32;C:\windows;C:\windows\System32\Wbem;C:\windows\System32\WindowsPowerShell\v1.0;C:\Program Files\Intel\WiFi\bin;C:\Program Files\Common Files\Intel\WirelessCommon;C:\Program Files\Intel\Intel(R) Management Engine Components\DAL;C:\Program Files\Intel\Intel(R) Management Engine Components\IPT;C:\Program Files (x86)\Intel\Intel(R) Management Engine Components\DAL;C:\Program Files (x86)\Intel\Intel(R) Management Engine Components\IPT;C:\Program Files (x86)\Intel\OpenCL SDK\3.0\bin\x86;C:\Program Files (x86)\Intel\OpenCL SDK\3.0\bin\x64;C:\Program Files\SafeNet\Authentication\SAC\x32;C:\Program Files\SafeNet\Authentication\SAC\x64;C:\Program Files\Microsoft SQL Server\130\Tools\Binn;C:\Program Files\Microsoft SQL Server\120\Tools\Binn;C:\Program Files (x86)\Windows Kits\10\Windows Performance Toolkit;C:\Program Files (x86)\Microsoft SQL Server\100\Tools\Binn;C:\Program Files (x86)\Microsoft SQL Server\100\DTS\Binn;C:\Program Files\TortoiseSVN\bin;C:\Program Files\nodejs;C:\Program Files\dotnet;C:\Program Files (x86)\GtkSharp\2.12\bin;C:\apache-maven-3.5.2\bin;C:\Program Files\Git\cmd;D:\Usuários\006427l3\AppData\Local\atom\bin;C:\Program Files\Microsoft VS Code\bin;D:\Usuários\006427l3\AppData\Roaming\npm;C:\Program Files\Git\usr\bin\vendor_perl;C:\Program Files\Git\usr\bin\core_perl

Yarn version: 
  1.5.1

Node version: 
  8.9.3

Platform: 
  win32 x64

npm manifest: 
  No manifest

yarn manifest: 
  No manifest

Lockfile: 
  No lockfile

Trace: 
  Error: Couldn't find a package.json file in "D:\\cesinf\\my-money-redux"
      at new MessageError (D:\Usuários\006427l3\AppData\Roaming\npm\node_modules\yarn\lib\cli.js:186:110)
      at D:\Usuários\006427l3\AppData\Roaming\npm\node_modules\yarn\lib\cli.js:40048:15
      at Generator.next (<anonymous>)
      at step (D:\Usuários\006427l3\AppData\Roaming\npm\node_modules\yarn\lib\cli.js:98:30)
      at D:\Usuários\006427l3\AppData\Roaming\npm\node_modules\yarn\lib\cli.js:109:13
      at <anonymous>
